<?xml version="1.0" encoding="UTF-8"?>
<!-- Generated by org.testng.reporters.JUnitReportReporter -->
<testsuite skipped="0" hostname="del1-lhp-n65328" name="TESTNG_TESTS.NewTest1" tests="8" failures="0" timestamp="14 Aug 2019 11:00:56 GMT" time="10.962" errors="0">
  <testcase name="verifyHomeTitle" time="0.028" classname="TESTNG_TESTS.NewTest1"/>
  <testcase name="verifyHomeText" time="0.100" classname="TESTNG_TESTS.NewTest1"/>
  <testcase name="search_product" time="1.490" classname="TESTNG_TESTS.NewTest1"/>
  <testcase name="verifySearchTitle" time="0.016" classname="TESTNG_TESTS.NewTest1"/>
  <testcase name="clickProduct" time="2.065" classname="TESTNG_TESTS.NewTest1"/>
  <testcase name="verifyProductTitle" time="0.016" classname="TESTNG_TESTS.NewTest1"/>
  <testcase name="productDetails" time="1.514" classname="TESTNG_TESTS.NewTest1"/>
  <testcase name="anotherProduct" time="5.733" classname="TESTNG_TESTS.NewTest1"/>
</testsuite> <!-- TESTNG_TESTS.NewTest1 -->
