<?xml version="1.0" encoding="UTF-8"?>
<!-- Generated by org.testng.reporters.JUnitReportReporter -->
<testsuite skipped="0" hostname="del1-lhp-n65328" name="TESTNG_TESTS.NewTest2" tests="12" failures="0" timestamp="14 Aug 2019 11:25:06 GMT" time="9.325" errors="0">
  <testcase name="verifyHomeTitle" time="0.031" classname="TESTNG_TESTS.NewTest2"/>
  <testcase name="verifyHomeText" time="0.094" classname="TESTNG_TESTS.NewTest2"/>
  <testcase name="search_product" time="1.504" classname="TESTNG_TESTS.NewTest2"/>
  <testcase name="verifySearchTitle" time="0.020" classname="TESTNG_TESTS.NewTest2"/>
  <testcase name="clickProduct" time="1.010" classname="TESTNG_TESTS.NewTest2"/>
  <testcase name="verifyProductTitle" time="0.012" classname="TESTNG_TESTS.NewTest2"/>
  <testcase name="productDetails" time="1.687" classname="TESTNG_TESTS.NewTest2"/>
  <testcase name="anotherProduct" time="4.614" classname="TESTNG_TESTS.NewTest2"/>
  <testcase name="verifyProduct" time="0.093" classname="TESTNG_TESTS.NewTest2"/>
  <testcase name="verifyProduct" time="0.091" classname="TESTNG_TESTS.NewTest2"/>
  <testcase name="verifyPrice" time="0.080" classname="TESTNG_TESTS.NewTest2"/>
  <testcase name="verifyPrice" time="0.089" classname="TESTNG_TESTS.NewTest2"/>
</testsuite> <!-- TESTNG_TESTS.NewTest2 -->
